<?xml version="1.0" encoding="UTF-8"?>
<!-- Generated by org.testng.reporters.JUnitReportReporter -->
<testsuite hostname="DESKTOP-D7544CL" failures="0" tests="1" name="com.api.test.verifyGetTest" time="0.240" errors="0" timestamp="2023-05-29T02:49:02 EDT" skipped="0">
  <testcase classname="com.api.test.verifyGetTest" name="verifyGetMethod" time="0.240"/>
  <system-out/>
</testsuite> <!-- com.api.test.verifyGetTest -->
