<?xml version="1.0" encoding="UTF-8"?>
<!-- Generated by org.testng.reporters.JUnitReportReporter -->
<testsuite hostname="DESKTOP-D7544CL" failures="0" tests="1" name="com.api.test.verifyPutTest" time="0.177" errors="0" timestamp="2023-05-29T02:49:02 EDT" skipped="0">
  <testcase classname="com.api.test.verifyPutTest" name="verifyPutMethod" time="0.177"/>
  <system-out/>
</testsuite> <!-- com.api.test.verifyPutTest -->
